<?xml version="1.0" encoding="UTF-8"?>
<!-- Generated by org.testng.reporters.JUnitReportReporter -->
<testsuite hostname="joga" failures="0" tests="2" name="testRuner.TestRunnerSample" time="0.561" errors="0" timestamp="2021-12-30T17:16:18 IST" skipped="0">
  <testcase classname="testRuner.TestRunnerSample" name="runScenario" time="0.504"/>
  <system-out/>
  <testcase classname="testRuner.TestRunnerSample" name="runScenario" time="0.057"/>
  <system-out/>
</testsuite> <!-- testRuner.TestRunnerSample -->
